<?xml version='1.0'?>
<ns2:test-suite xmlns:ns2='urn:model.allure.qatools.yandex.ru' start='1550230219598' stop='1550230221627'>
    <name>Login into QA Click</name>
    <title>Login into QA Click</title>
    <test-cases>
        <test-case start='1550230219603' status='failed' stop='1550230221612'>
            <name>Fill the Onboarding Form</name>
            <title>Fill the Onboarding Form</title>
            <labels/>
            <parameters/>
            <steps/>
            <attachments>
                <attachment title='Screenshot' source='16beddea-540f-4a79-b8cc-697a64e5e61c-attachment.png' type='image/png' size='4687'/>
            </attachments>
            <failure>
                <message>Failed: png is not defined</message>
                <stack-trace>ReferenceError: png is not defined
                    at UserContext.&lt;anonymous> (C:\Users\ankur.jain\eclipse-workspace\Angular_PageObject\QA_click\Test1.js:22:17)
                    at C:\Users\ankur.jain\AppData\Roaming\npm\node_modules\protractor\node_modules\jasminewd2\index.js:112:25
                    at new ManagedPromise (C:\Users\ankur.jain\AppData\Roaming\npm\node_modules\protractor\node_modules\selenium-webdriver\lib\promise.js:1077:7)
                    at ControlFlow.promise (C:\Users\ankur.jain\AppData\Roaming\npm\node_modules\protractor\node_modules\selenium-webdriver\lib\promise.js:2505:12)
                    at schedulerExecute (C:\Users\ankur.jain\AppData\Roaming\npm\node_modules\protractor\node_modules\jasminewd2\index.js:95:18)
                    at TaskQueue.execute_ (C:\Users\ankur.jain\AppData\Roaming\npm\node_modules\protractor\node_modules\selenium-webdriver\lib\promise.js:3084:14)
                    at TaskQueue.executeNext_ (C:\Users\ankur.jain\AppData\Roaming\npm\node_modules\protractor\node_modules\selenium-webdriver\lib\promise.js:3067:27)
                    at asyncRun (C:\Users\ankur.jain\AppData\Roaming\npm\node_modules\protractor\node_modules\selenium-webdriver\lib\promise.js:2974:25)
                    at C:\Users\ankur.jain\AppData\Roaming\npm\node_modules\protractor\node_modules\selenium-webdriver\lib\promise.js:668:7
                    at &lt;anonymous>
                From: Task: Run it("Fill the Onboarding Form") in control flow
                    at UserContext.&lt;anonymous> (C:\Users\ankur.jain\AppData\Roaming\npm\node_modules\protractor\node_modules\jasminewd2\index.js:94:19)
                    at attempt (C:\Users\ankur.jain\AppData\Roaming\npm\node_modules\protractor\node_modules\jasmine-core\lib\jasmine-core\jasmine.js:4297:26)
                    at QueueRunner.run (C:\Users\ankur.jain\AppData\Roaming\npm\node_modules\protractor\node_modules\jasmine-core\lib\jasmine-core\jasmine.js:4217:20)
                    at runNext (C:\Users\ankur.jain\AppData\Roaming\npm\node_modules\protractor\node_modules\jasmine-core\lib\jasmine-core\jasmine.js:4257:20)
                    at C:\Users\ankur.jain\AppData\Roaming\npm\node_modules\protractor\node_modules\jasmine-core\lib\jasmine-core\jasmine.js:4264:13
                    at C:\Users\ankur.jain\AppData\Roaming\npm\node_modules\protractor\node_modules\jasmine-core\lib\jasmine-core\jasmine.js:4172:9
                    at C:\Users\ankur.jain\AppData\Roaming\npm\node_modules\protractor\node_modules\jasminewd2\index.js:64:48
                    at ControlFlow.emit (C:\Users\ankur.jain\AppData\Roaming\npm\node_modules\protractor\node_modules\selenium-webdriver\lib\events.js:62:21)
                    at ControlFlow.shutdown_ (C:\Users\ankur.jain\AppData\Roaming\npm\node_modules\protractor\node_modules\selenium-webdriver\lib\promise.js:2674:10)
                    at shutdownTask_.MicroTask (C:\Users\ankur.jain\AppData\Roaming\npm\node_modules\protractor\node_modules\selenium-webdriver\lib\promise.js:2599:53)
                From asynchronous test: 
                Error
                    at Suite.&lt;anonymous> (C:\Users\ankur.jain\eclipse-workspace\Angular_PageObject\QA_click\Test1.js:14:1)
                    at addSpecsToSuite (C:\Users\ankur.jain\AppData\Roaming\npm\node_modules\protractor\node_modules\jasmine-core\lib\jasmine-core\jasmine.js:1107:25)
                    at Env.describe (C:\Users\ankur.jain\AppData\Roaming\npm\node_modules\protractor\node_modules\jasmine-core\lib\jasmine-core\jasmine.js:1074:7)
                    at describe (C:\Users\ankur.jain\AppData\Roaming\npm\node_modules\protractor\node_modules\jasmine-core\lib\jasmine-core\jasmine.js:4399:18)
                    at Object.&lt;anonymous> (C:\Users\ankur.jain\eclipse-workspace\Angular_PageObject\QA_click\Test1.js:12:1)
                    at Module._compile (module.js:652:30)
                    at Object.Module._extensions..js (module.js:663:10)
                    at Module.load (module.js:565:32)
                    at tryModuleLoad (module.js:505:12)</stack-trace>
            </failure>
        </test-case>
        <test-case start='1550230221616' status='pending' stop='1550230221620'>
            <name>Validation of error message</name>
            <title>Validation of error message</title>
            <labels/>
            <parameters/>
            <steps/>
            <attachments/>
            <failure>
                <message>Temporarily disabled with xit</message>
                <stack-trace></stack-trace>
            </failure>
        </test-case>
    </test-cases>
</ns2:test-suite>